<?xml version="1.0" encoding="utf-8"?>
<RelativeLayout xmlns:android="http://schemas.android.com/apk/res/android"
    android:layout_width="fill_parent"
    android:layout_height="fill_parent"
    android:orientation="vertical" >

    <Button
        android:id="@+id/back"
        android:layout_width="fill_parent"
        android:layout_height="wrap_content"
        android:layout_alignParentBottom="true"
        android:layout_alignParentLeft="true"
        android:text="@string/test_back" />

    <ScrollView
        android:layout_width="fill_parent"
        android:layout_height="fill_parent"
        android:layout_above="@+id/back"
        android:layout_alignParentTop="true" >

        <TextView
            android:id="@+id/result"
            android:layout_width="fill_parent"
            android:layout_height="wrap_content" />
    </ScrollView>

</RelativeLayout>